Classic Timing Analyzer report for FSM_frame
Sun May 05 20:51:24 2019
Quartus II Version 9.1 Build 350 03/24/2010 Service Pack 2 SJ Web Edition


---------------------
; Table of Contents ;
---------------------
  1. Legal Notice
  2. Timing Analyzer Summary
  3. Timing Analyzer Settings
  4. Clock Settings Summary
  5. Parallel Compilation
  6. Clock Setup: 'iclk'
  7. tsu
  8. tco
  9. th
 10. Timing Analyzer Messages



----------------
; Legal Notice ;
----------------
Copyright (C) 1991-2010 Altera Corporation
Your use of Altera Corporation's design tools, logic functions 
and other software and tools, and its AMPP partner logic 
functions, and any output files from any of the foregoing 
(including device programming or simulation files), and any 
associated documentation or information are expressly subject 
to the terms and conditions of the Altera Program License 
Subscription Agreement, Altera MegaCore Function License 
Agreement, or other applicable license agreement, including, 
without limitation, that your use is for the sole purpose of 
programming logic devices manufactured by Altera and sold by 
Altera or its authorized distributors.  Please refer to the 
applicable agreement for further details.



+--------------------------------------------------------------------------------------------------------------------------------------------------------------------------+
; Timing Analyzer Summary                                                                                                                                                  ;
+------------------------------+-------+---------------+----------------------------------+--------------------+--------------------+------------+----------+--------------+
; Type                         ; Slack ; Required Time ; Actual Time                      ; From               ; To                 ; From Clock ; To Clock ; Failed Paths ;
+------------------------------+-------+---------------+----------------------------------+--------------------+--------------------+------------+----------+--------------+
; Worst-case tsu               ; N/A   ; None          ; 4.522 ns                         ; ienable            ; rcurst.stFCS       ; --         ; iclk     ; 0            ;
; Worst-case tco               ; N/A   ; None          ; 7.158 ns                         ; odata_byte[6]~reg0 ; odata_byte[6]      ; iclk       ; --       ; 0            ;
; Worst-case th                ; N/A   ; None          ; -2.038 ns                        ; ishift_reg[1]      ; odata_byte[1]~reg0 ; --         ; iclk     ; 0            ;
; Clock Setup: 'iclk'          ; N/A   ; None          ; 297.27 MHz ( period = 3.364 ns ) ; count[8]           ; rcurst.stFCS       ; iclk       ; iclk     ; 0            ;
; Total number of failed paths ;       ;               ;                                  ;                    ;                    ;            ;          ; 0            ;
+------------------------------+-------+---------------+----------------------------------+--------------------+--------------------+------------+----------+--------------+


+-----------------------------------------------------------------------------------------------------------------------------------------------------+
; Timing Analyzer Settings                                                                                                                            ;
+------------------------------------------------------------------------------------------------------+--------------------+------+----+-------------+
; Option                                                                                               ; Setting            ; From ; To ; Entity Name ;
+------------------------------------------------------------------------------------------------------+--------------------+------+----+-------------+
; Device Name                                                                                          ; EP2S15F484C3       ;      ;    ;             ;
; Timing Models                                                                                        ; Final              ;      ;    ;             ;
; Default hold multicycle                                                                              ; Same as Multicycle ;      ;    ;             ;
; Cut paths between unrelated clock domains                                                            ; On                 ;      ;    ;             ;
; Cut off read during write signal paths                                                               ; On                 ;      ;    ;             ;
; Cut off feedback from I/O pins                                                                       ; On                 ;      ;    ;             ;
; Report Combined Fast/Slow Timing                                                                     ; Off                ;      ;    ;             ;
; Ignore Clock Settings                                                                                ; Off                ;      ;    ;             ;
; Analyze latches as synchronous elements                                                              ; On                 ;      ;    ;             ;
; Enable Recovery/Removal analysis                                                                     ; Off                ;      ;    ;             ;
; Enable Clock Latency                                                                                 ; Off                ;      ;    ;             ;
; Use TimeQuest Timing Analyzer                                                                        ; Off                ;      ;    ;             ;
; Number of source nodes to report per destination node                                                ; 10                 ;      ;    ;             ;
; Number of destination nodes to report                                                                ; 10                 ;      ;    ;             ;
; Number of paths to report                                                                            ; 200                ;      ;    ;             ;
; Report Minimum Timing Checks                                                                         ; Off                ;      ;    ;             ;
; Use Fast Timing Models                                                                               ; Off                ;      ;    ;             ;
; Report IO Paths Separately                                                                           ; Off                ;      ;    ;             ;
; Perform Multicorner Analysis                                                                         ; On                 ;      ;    ;             ;
; Reports the worst-case path for each clock domain and analysis                                       ; Off                ;      ;    ;             ;
; Reports worst-case timing paths for each clock domain and analysis                                   ; Off                ;      ;    ;             ;
; Specifies the maximum number of worst-case timing paths to report for each clock domain and analysis ; 100                ;      ;    ;             ;
; Removes common clock path pessimism (CCPP) during slack computation                                  ; Off                ;      ;    ;             ;
; Output I/O Timing Endpoint                                                                           ; Near End           ;      ;    ;             ;
+------------------------------------------------------------------------------------------------------+--------------------+------+----+-------------+


+------------------------------------------------------------------------------------------------------------------------------------------------------------------------------------+
; Clock Settings Summary                                                                                                                                                             ;
+-----------------+--------------------+----------+------------------+---------------+--------------+----------+-----------------------+---------------------+--------+--------------+
; Clock Node Name ; Clock Setting Name ; Type     ; Fmax Requirement ; Early Latency ; Late Latency ; Based on ; Multiply Base Fmax by ; Divide Base Fmax by ; Offset ; Phase offset ;
+-----------------+--------------------+----------+------------------+---------------+--------------+----------+-----------------------+---------------------+--------+--------------+
; iclk            ;                    ; User Pin ; None             ; 0.000 ns      ; 0.000 ns     ; --       ; N/A                   ; N/A                 ; N/A    ;              ;
+-----------------+--------------------+----------+------------------+---------------+--------------+----------+-----------------------+---------------------+--------+--------------+


Parallel compilation was disabled, but you have multiple processors available. Enable parallel compilation to reduce compilation time.
+-------------------------------------+
; Parallel Compilation                ;
+----------------------------+--------+
; Processors                 ; Number ;
+----------------------------+--------+
; Number detected on machine ; 4      ;
; Maximum allowed            ; 1      ;
+----------------------------+--------+


+------------------------------------------------------------------------------------------------------------------------------------------------------------------------------------------------------------------------------------------------+
; Clock Setup: 'iclk'                                                                                                                                                                                                                            ;
+-----------------------------------------+-----------------------------------------------------+----------------+-------------------+------------+----------+-----------------------------+---------------------------+-------------------------+
; Slack                                   ; Actual fmax (period)                                ; From           ; To                ; From Clock ; To Clock ; Required Setup Relationship ; Required Longest P2P Time ; Actual Longest P2P Time ;
+-----------------------------------------+-----------------------------------------------------+----------------+-------------------+------------+----------+-----------------------------+---------------------------+-------------------------+
; N/A                                     ; 297.27 MHz ( period = 3.364 ns )                    ; count[8]       ; rcurst.stDATA     ; iclk       ; iclk     ; None                        ; None                      ; 3.182 ns                ;
; N/A                                     ; 297.27 MHz ( period = 3.364 ns )                    ; count[8]       ; rcurst.stSFD      ; iclk       ; iclk     ; None                        ; None                      ; 3.182 ns                ;
; N/A                                     ; 297.27 MHz ( period = 3.364 ns )                    ; count[8]       ; rcurst.stIGP      ; iclk       ; iclk     ; None                        ; None                      ; 3.182 ns                ;
; N/A                                     ; 297.27 MHz ( period = 3.364 ns )                    ; count[8]       ; rcurst.stLENTYPE  ; iclk       ; iclk     ; None                        ; None                      ; 3.182 ns                ;
; N/A                                     ; 297.27 MHz ( period = 3.364 ns )                    ; count[8]       ; rcurst.stPREAMBLE ; iclk       ; iclk     ; None                        ; None                      ; 3.182 ns                ;
; N/A                                     ; 297.27 MHz ( period = 3.364 ns )                    ; count[8]       ; rcurst.stSADDR    ; iclk       ; iclk     ; None                        ; None                      ; 3.182 ns                ;
; N/A                                     ; 297.27 MHz ( period = 3.364 ns )                    ; count[8]       ; rcurst.stDADDR    ; iclk       ; iclk     ; None                        ; None                      ; 3.182 ns                ;
; N/A                                     ; 297.27 MHz ( period = 3.364 ns )                    ; count[8]       ; rcurst.stFCS      ; iclk       ; iclk     ; None                        ; None                      ; 3.182 ns                ;
; N/A                                     ; 304.88 MHz ( period = 3.280 ns )                    ; count[0]       ; rcurst.stDATA     ; iclk       ; iclk     ; None                        ; None                      ; 3.098 ns                ;
; N/A                                     ; 304.88 MHz ( period = 3.280 ns )                    ; count[0]       ; rcurst.stSFD      ; iclk       ; iclk     ; None                        ; None                      ; 3.098 ns                ;
; N/A                                     ; 304.88 MHz ( period = 3.280 ns )                    ; count[0]       ; rcurst.stIGP      ; iclk       ; iclk     ; None                        ; None                      ; 3.098 ns                ;
; N/A                                     ; 304.88 MHz ( period = 3.280 ns )                    ; count[0]       ; rcurst.stLENTYPE  ; iclk       ; iclk     ; None                        ; None                      ; 3.098 ns                ;
; N/A                                     ; 304.88 MHz ( period = 3.280 ns )                    ; count[0]       ; rcurst.stPREAMBLE ; iclk       ; iclk     ; None                        ; None                      ; 3.098 ns                ;
; N/A                                     ; 304.88 MHz ( period = 3.280 ns )                    ; count[0]       ; rcurst.stSADDR    ; iclk       ; iclk     ; None                        ; None                      ; 3.098 ns                ;
; N/A                                     ; 304.88 MHz ( period = 3.280 ns )                    ; count[0]       ; rcurst.stDADDR    ; iclk       ; iclk     ; None                        ; None                      ; 3.098 ns                ;
; N/A                                     ; 304.88 MHz ( period = 3.280 ns )                    ; count[0]       ; rcurst.stFCS      ; iclk       ; iclk     ; None                        ; None                      ; 3.098 ns                ;
; N/A                                     ; 310.27 MHz ( period = 3.223 ns )                    ; count[10]      ; rcurst.stDATA     ; iclk       ; iclk     ; None                        ; None                      ; 3.041 ns                ;
; N/A                                     ; 310.27 MHz ( period = 3.223 ns )                    ; count[10]      ; rcurst.stSFD      ; iclk       ; iclk     ; None                        ; None                      ; 3.041 ns                ;
; N/A                                     ; 310.27 MHz ( period = 3.223 ns )                    ; count[10]      ; rcurst.stIGP      ; iclk       ; iclk     ; None                        ; None                      ; 3.041 ns                ;
; N/A                                     ; 310.27 MHz ( period = 3.223 ns )                    ; count[10]      ; rcurst.stLENTYPE  ; iclk       ; iclk     ; None                        ; None                      ; 3.041 ns                ;
; N/A                                     ; 310.27 MHz ( period = 3.223 ns )                    ; count[10]      ; rcurst.stPREAMBLE ; iclk       ; iclk     ; None                        ; None                      ; 3.041 ns                ;
; N/A                                     ; 310.27 MHz ( period = 3.223 ns )                    ; count[10]      ; rcurst.stSADDR    ; iclk       ; iclk     ; None                        ; None                      ; 3.041 ns                ;
; N/A                                     ; 310.27 MHz ( period = 3.223 ns )                    ; count[10]      ; rcurst.stDADDR    ; iclk       ; iclk     ; None                        ; None                      ; 3.041 ns                ;
; N/A                                     ; 310.27 MHz ( period = 3.223 ns )                    ; count[10]      ; rcurst.stFCS      ; iclk       ; iclk     ; None                        ; None                      ; 3.041 ns                ;
; N/A                                     ; 315.26 MHz ( period = 3.172 ns )                    ; count[1]       ; rcurst.stDATA     ; iclk       ; iclk     ; None                        ; None                      ; 2.990 ns                ;
; N/A                                     ; 315.26 MHz ( period = 3.172 ns )                    ; count[1]       ; rcurst.stSFD      ; iclk       ; iclk     ; None                        ; None                      ; 2.990 ns                ;
; N/A                                     ; 315.26 MHz ( period = 3.172 ns )                    ; count[1]       ; rcurst.stIGP      ; iclk       ; iclk     ; None                        ; None                      ; 2.990 ns                ;
; N/A                                     ; 315.26 MHz ( period = 3.172 ns )                    ; count[1]       ; rcurst.stLENTYPE  ; iclk       ; iclk     ; None                        ; None                      ; 2.990 ns                ;
; N/A                                     ; 315.26 MHz ( period = 3.172 ns )                    ; count[1]       ; rcurst.stPREAMBLE ; iclk       ; iclk     ; None                        ; None                      ; 2.990 ns                ;
; N/A                                     ; 315.26 MHz ( period = 3.172 ns )                    ; count[1]       ; rcurst.stSADDR    ; iclk       ; iclk     ; None                        ; None                      ; 2.990 ns                ;
; N/A                                     ; 315.26 MHz ( period = 3.172 ns )                    ; count[1]       ; rcurst.stDADDR    ; iclk       ; iclk     ; None                        ; None                      ; 2.990 ns                ;
; N/A                                     ; 315.26 MHz ( period = 3.172 ns )                    ; count[1]       ; rcurst.stFCS      ; iclk       ; iclk     ; None                        ; None                      ; 2.990 ns                ;
; N/A                                     ; 321.54 MHz ( period = 3.110 ns )                    ; count[7]       ; rcurst.stDATA     ; iclk       ; iclk     ; None                        ; None                      ; 2.928 ns                ;
; N/A                                     ; 321.54 MHz ( period = 3.110 ns )                    ; count[7]       ; rcurst.stSFD      ; iclk       ; iclk     ; None                        ; None                      ; 2.928 ns                ;
; N/A                                     ; 321.54 MHz ( period = 3.110 ns )                    ; count[7]       ; rcurst.stIGP      ; iclk       ; iclk     ; None                        ; None                      ; 2.928 ns                ;
; N/A                                     ; 321.54 MHz ( period = 3.110 ns )                    ; count[7]       ; rcurst.stLENTYPE  ; iclk       ; iclk     ; None                        ; None                      ; 2.928 ns                ;
; N/A                                     ; 321.54 MHz ( period = 3.110 ns )                    ; count[7]       ; rcurst.stPREAMBLE ; iclk       ; iclk     ; None                        ; None                      ; 2.928 ns                ;
; N/A                                     ; 321.54 MHz ( period = 3.110 ns )                    ; count[7]       ; rcurst.stSADDR    ; iclk       ; iclk     ; None                        ; None                      ; 2.928 ns                ;
; N/A                                     ; 321.54 MHz ( period = 3.110 ns )                    ; count[7]       ; rcurst.stDADDR    ; iclk       ; iclk     ; None                        ; None                      ; 2.928 ns                ;
; N/A                                     ; 321.54 MHz ( period = 3.110 ns )                    ; count[7]       ; rcurst.stFCS      ; iclk       ; iclk     ; None                        ; None                      ; 2.928 ns                ;
; N/A                                     ; 322.16 MHz ( period = 3.104 ns )                    ; count[5]       ; rcurst.stDATA     ; iclk       ; iclk     ; None                        ; None                      ; 2.922 ns                ;
; N/A                                     ; 322.16 MHz ( period = 3.104 ns )                    ; count[5]       ; rcurst.stSFD      ; iclk       ; iclk     ; None                        ; None                      ; 2.922 ns                ;
; N/A                                     ; 322.16 MHz ( period = 3.104 ns )                    ; count[5]       ; rcurst.stIGP      ; iclk       ; iclk     ; None                        ; None                      ; 2.922 ns                ;
; N/A                                     ; 322.16 MHz ( period = 3.104 ns )                    ; count[5]       ; rcurst.stLENTYPE  ; iclk       ; iclk     ; None                        ; None                      ; 2.922 ns                ;
; N/A                                     ; 322.16 MHz ( period = 3.104 ns )                    ; count[5]       ; rcurst.stPREAMBLE ; iclk       ; iclk     ; None                        ; None                      ; 2.922 ns                ;
; N/A                                     ; 322.16 MHz ( period = 3.104 ns )                    ; count[5]       ; rcurst.stSADDR    ; iclk       ; iclk     ; None                        ; None                      ; 2.922 ns                ;
; N/A                                     ; 322.16 MHz ( period = 3.104 ns )                    ; count[5]       ; rcurst.stDADDR    ; iclk       ; iclk     ; None                        ; None                      ; 2.922 ns                ;
; N/A                                     ; 322.16 MHz ( period = 3.104 ns )                    ; count[5]       ; rcurst.stFCS      ; iclk       ; iclk     ; None                        ; None                      ; 2.922 ns                ;
; N/A                                     ; 325.10 MHz ( period = 3.076 ns )                    ; count[8]       ; count[3]          ; iclk       ; iclk     ; None                        ; None                      ; 2.892 ns                ;
; N/A                                     ; 325.10 MHz ( period = 3.076 ns )                    ; count[8]       ; count[2]          ; iclk       ; iclk     ; None                        ; None                      ; 2.892 ns                ;
; N/A                                     ; 325.10 MHz ( period = 3.076 ns )                    ; count[8]       ; count[4]          ; iclk       ; iclk     ; None                        ; None                      ; 2.892 ns                ;
; N/A                                     ; 325.10 MHz ( period = 3.076 ns )                    ; count[8]       ; count[1]          ; iclk       ; iclk     ; None                        ; None                      ; 2.892 ns                ;
; N/A                                     ; 325.10 MHz ( period = 3.076 ns )                    ; count[8]       ; count[10]         ; iclk       ; iclk     ; None                        ; None                      ; 2.892 ns                ;
; N/A                                     ; 325.10 MHz ( period = 3.076 ns )                    ; count[8]       ; count[8]          ; iclk       ; iclk     ; None                        ; None                      ; 2.892 ns                ;
; N/A                                     ; 325.10 MHz ( period = 3.076 ns )                    ; count[8]       ; count[5]          ; iclk       ; iclk     ; None                        ; None                      ; 2.892 ns                ;
; N/A                                     ; 325.10 MHz ( period = 3.076 ns )                    ; count[8]       ; count[7]          ; iclk       ; iclk     ; None                        ; None                      ; 2.892 ns                ;
; N/A                                     ; 325.10 MHz ( period = 3.076 ns )                    ; count[8]       ; count[6]          ; iclk       ; iclk     ; None                        ; None                      ; 2.892 ns                ;
; N/A                                     ; 325.10 MHz ( period = 3.076 ns )                    ; count[8]       ; count[9]          ; iclk       ; iclk     ; None                        ; None                      ; 2.892 ns                ;
; N/A                                     ; 325.10 MHz ( period = 3.076 ns )                    ; count[8]       ; count[0]          ; iclk       ; iclk     ; None                        ; None                      ; 2.892 ns                ;
; N/A                                     ; 332.56 MHz ( period = 3.007 ns )                    ; count[9]       ; rcurst.stDATA     ; iclk       ; iclk     ; None                        ; None                      ; 2.825 ns                ;
; N/A                                     ; 332.56 MHz ( period = 3.007 ns )                    ; count[9]       ; rcurst.stSFD      ; iclk       ; iclk     ; None                        ; None                      ; 2.825 ns                ;
; N/A                                     ; 332.56 MHz ( period = 3.007 ns )                    ; count[9]       ; rcurst.stIGP      ; iclk       ; iclk     ; None                        ; None                      ; 2.825 ns                ;
; N/A                                     ; 332.56 MHz ( period = 3.007 ns )                    ; count[9]       ; rcurst.stLENTYPE  ; iclk       ; iclk     ; None                        ; None                      ; 2.825 ns                ;
; N/A                                     ; 332.56 MHz ( period = 3.007 ns )                    ; count[9]       ; rcurst.stPREAMBLE ; iclk       ; iclk     ; None                        ; None                      ; 2.825 ns                ;
; N/A                                     ; 332.56 MHz ( period = 3.007 ns )                    ; count[9]       ; rcurst.stSADDR    ; iclk       ; iclk     ; None                        ; None                      ; 2.825 ns                ;
; N/A                                     ; 332.56 MHz ( period = 3.007 ns )                    ; count[9]       ; rcurst.stDADDR    ; iclk       ; iclk     ; None                        ; None                      ; 2.825 ns                ;
; N/A                                     ; 332.56 MHz ( period = 3.007 ns )                    ; count[9]       ; rcurst.stFCS      ; iclk       ; iclk     ; None                        ; None                      ; 2.825 ns                ;
; N/A                                     ; 336.81 MHz ( period = 2.969 ns )                    ; count[2]       ; rcurst.stDATA     ; iclk       ; iclk     ; None                        ; None                      ; 2.787 ns                ;
; N/A                                     ; 336.81 MHz ( period = 2.969 ns )                    ; count[2]       ; rcurst.stSFD      ; iclk       ; iclk     ; None                        ; None                      ; 2.787 ns                ;
; N/A                                     ; 336.81 MHz ( period = 2.969 ns )                    ; count[2]       ; rcurst.stIGP      ; iclk       ; iclk     ; None                        ; None                      ; 2.787 ns                ;
; N/A                                     ; 336.81 MHz ( period = 2.969 ns )                    ; count[2]       ; rcurst.stLENTYPE  ; iclk       ; iclk     ; None                        ; None                      ; 2.787 ns                ;
; N/A                                     ; 336.81 MHz ( period = 2.969 ns )                    ; count[2]       ; rcurst.stPREAMBLE ; iclk       ; iclk     ; None                        ; None                      ; 2.787 ns                ;
; N/A                                     ; 336.81 MHz ( period = 2.969 ns )                    ; count[2]       ; rcurst.stSADDR    ; iclk       ; iclk     ; None                        ; None                      ; 2.787 ns                ;
; N/A                                     ; 336.81 MHz ( period = 2.969 ns )                    ; count[2]       ; rcurst.stDADDR    ; iclk       ; iclk     ; None                        ; None                      ; 2.787 ns                ;
; N/A                                     ; 336.81 MHz ( period = 2.969 ns )                    ; count[2]       ; rcurst.stFCS      ; iclk       ; iclk     ; None                        ; None                      ; 2.787 ns                ;
; N/A                                     ; 338.87 MHz ( period = 2.951 ns )                    ; count[6]       ; rcurst.stDATA     ; iclk       ; iclk     ; None                        ; None                      ; 2.769 ns                ;
; N/A                                     ; 338.87 MHz ( period = 2.951 ns )                    ; count[6]       ; rcurst.stSFD      ; iclk       ; iclk     ; None                        ; None                      ; 2.769 ns                ;
; N/A                                     ; 338.87 MHz ( period = 2.951 ns )                    ; count[6]       ; rcurst.stIGP      ; iclk       ; iclk     ; None                        ; None                      ; 2.769 ns                ;
; N/A                                     ; 338.87 MHz ( period = 2.951 ns )                    ; count[6]       ; rcurst.stLENTYPE  ; iclk       ; iclk     ; None                        ; None                      ; 2.769 ns                ;
; N/A                                     ; 338.87 MHz ( period = 2.951 ns )                    ; count[6]       ; rcurst.stPREAMBLE ; iclk       ; iclk     ; None                        ; None                      ; 2.769 ns                ;
; N/A                                     ; 338.87 MHz ( period = 2.951 ns )                    ; count[6]       ; rcurst.stSADDR    ; iclk       ; iclk     ; None                        ; None                      ; 2.769 ns                ;
; N/A                                     ; 338.87 MHz ( period = 2.951 ns )                    ; count[6]       ; rcurst.stDADDR    ; iclk       ; iclk     ; None                        ; None                      ; 2.769 ns                ;
; N/A                                     ; 338.87 MHz ( period = 2.951 ns )                    ; count[6]       ; rcurst.stFCS      ; iclk       ; iclk     ; None                        ; None                      ; 2.769 ns                ;
; N/A                                     ; 340.72 MHz ( period = 2.935 ns )                    ; count[10]      ; count[3]          ; iclk       ; iclk     ; None                        ; None                      ; 2.751 ns                ;
; N/A                                     ; 340.72 MHz ( period = 2.935 ns )                    ; count[10]      ; count[2]          ; iclk       ; iclk     ; None                        ; None                      ; 2.751 ns                ;
; N/A                                     ; 340.72 MHz ( period = 2.935 ns )                    ; count[10]      ; count[4]          ; iclk       ; iclk     ; None                        ; None                      ; 2.751 ns                ;
; N/A                                     ; 340.72 MHz ( period = 2.935 ns )                    ; count[10]      ; count[1]          ; iclk       ; iclk     ; None                        ; None                      ; 2.751 ns                ;
; N/A                                     ; 340.72 MHz ( period = 2.935 ns )                    ; count[10]      ; count[10]         ; iclk       ; iclk     ; None                        ; None                      ; 2.751 ns                ;
; N/A                                     ; 340.72 MHz ( period = 2.935 ns )                    ; count[10]      ; count[8]          ; iclk       ; iclk     ; None                        ; None                      ; 2.751 ns                ;
; N/A                                     ; 340.72 MHz ( period = 2.935 ns )                    ; count[10]      ; count[5]          ; iclk       ; iclk     ; None                        ; None                      ; 2.751 ns                ;
; N/A                                     ; 340.72 MHz ( period = 2.935 ns )                    ; count[10]      ; count[7]          ; iclk       ; iclk     ; None                        ; None                      ; 2.751 ns                ;
; N/A                                     ; 340.72 MHz ( period = 2.935 ns )                    ; count[10]      ; count[6]          ; iclk       ; iclk     ; None                        ; None                      ; 2.751 ns                ;
; N/A                                     ; 340.72 MHz ( period = 2.935 ns )                    ; count[10]      ; count[9]          ; iclk       ; iclk     ; None                        ; None                      ; 2.751 ns                ;
; N/A                                     ; 340.72 MHz ( period = 2.935 ns )                    ; count[10]      ; count[0]          ; iclk       ; iclk     ; None                        ; None                      ; 2.751 ns                ;
; N/A                                     ; 341.88 MHz ( period = 2.925 ns )                    ; count[3]       ; rcurst.stDATA     ; iclk       ; iclk     ; None                        ; None                      ; 2.743 ns                ;
; N/A                                     ; 341.88 MHz ( period = 2.925 ns )                    ; count[3]       ; rcurst.stSFD      ; iclk       ; iclk     ; None                        ; None                      ; 2.743 ns                ;
; N/A                                     ; 341.88 MHz ( period = 2.925 ns )                    ; count[3]       ; rcurst.stIGP      ; iclk       ; iclk     ; None                        ; None                      ; 2.743 ns                ;
; N/A                                     ; 341.88 MHz ( period = 2.925 ns )                    ; count[3]       ; rcurst.stLENTYPE  ; iclk       ; iclk     ; None                        ; None                      ; 2.743 ns                ;
; N/A                                     ; 341.88 MHz ( period = 2.925 ns )                    ; count[3]       ; rcurst.stPREAMBLE ; iclk       ; iclk     ; None                        ; None                      ; 2.743 ns                ;
; N/A                                     ; 341.88 MHz ( period = 2.925 ns )                    ; count[3]       ; rcurst.stSADDR    ; iclk       ; iclk     ; None                        ; None                      ; 2.743 ns                ;
; N/A                                     ; 341.88 MHz ( period = 2.925 ns )                    ; count[3]       ; rcurst.stDADDR    ; iclk       ; iclk     ; None                        ; None                      ; 2.743 ns                ;
; N/A                                     ; 341.88 MHz ( period = 2.925 ns )                    ; count[3]       ; rcurst.stFCS      ; iclk       ; iclk     ; None                        ; None                      ; 2.743 ns                ;
; N/A                                     ; 348.07 MHz ( period = 2.873 ns )                    ; count[4]       ; rcurst.stDATA     ; iclk       ; iclk     ; None                        ; None                      ; 2.691 ns                ;
; N/A                                     ; 348.07 MHz ( period = 2.873 ns )                    ; count[4]       ; rcurst.stSFD      ; iclk       ; iclk     ; None                        ; None                      ; 2.691 ns                ;
; N/A                                     ; 348.07 MHz ( period = 2.873 ns )                    ; count[4]       ; rcurst.stIGP      ; iclk       ; iclk     ; None                        ; None                      ; 2.691 ns                ;
; N/A                                     ; 348.07 MHz ( period = 2.873 ns )                    ; count[4]       ; rcurst.stLENTYPE  ; iclk       ; iclk     ; None                        ; None                      ; 2.691 ns                ;
; N/A                                     ; 348.07 MHz ( period = 2.873 ns )                    ; count[4]       ; rcurst.stPREAMBLE ; iclk       ; iclk     ; None                        ; None                      ; 2.691 ns                ;
; N/A                                     ; 348.07 MHz ( period = 2.873 ns )                    ; count[4]       ; rcurst.stSADDR    ; iclk       ; iclk     ; None                        ; None                      ; 2.691 ns                ;
; N/A                                     ; 348.07 MHz ( period = 2.873 ns )                    ; count[4]       ; rcurst.stDADDR    ; iclk       ; iclk     ; None                        ; None                      ; 2.691 ns                ;
; N/A                                     ; 348.07 MHz ( period = 2.873 ns )                    ; count[4]       ; rcurst.stFCS      ; iclk       ; iclk     ; None                        ; None                      ; 2.691 ns                ;
; N/A                                     ; 349.16 MHz ( period = 2.864 ns )                    ; rcurst.stSADDR ; rcurst.stDATA     ; iclk       ; iclk     ; None                        ; None                      ; 2.680 ns                ;
; N/A                                     ; 349.16 MHz ( period = 2.864 ns )                    ; rcurst.stSADDR ; rcurst.stSFD      ; iclk       ; iclk     ; None                        ; None                      ; 2.680 ns                ;
; N/A                                     ; 349.16 MHz ( period = 2.864 ns )                    ; rcurst.stSADDR ; rcurst.stIGP      ; iclk       ; iclk     ; None                        ; None                      ; 2.680 ns                ;
; N/A                                     ; 349.16 MHz ( period = 2.864 ns )                    ; rcurst.stSADDR ; rcurst.stLENTYPE  ; iclk       ; iclk     ; None                        ; None                      ; 2.680 ns                ;
; N/A                                     ; 349.16 MHz ( period = 2.864 ns )                    ; rcurst.stSADDR ; rcurst.stPREAMBLE ; iclk       ; iclk     ; None                        ; None                      ; 2.680 ns                ;
; N/A                                     ; 349.16 MHz ( period = 2.864 ns )                    ; rcurst.stSADDR ; rcurst.stSADDR    ; iclk       ; iclk     ; None                        ; None                      ; 2.680 ns                ;
; N/A                                     ; 349.16 MHz ( period = 2.864 ns )                    ; rcurst.stSADDR ; rcurst.stDADDR    ; iclk       ; iclk     ; None                        ; None                      ; 2.680 ns                ;
; N/A                                     ; 349.16 MHz ( period = 2.864 ns )                    ; rcurst.stSADDR ; rcurst.stFCS      ; iclk       ; iclk     ; None                        ; None                      ; 2.680 ns                ;
; N/A                                     ; 353.23 MHz ( period = 2.831 ns )                    ; count[8]       ; rlendata[1]       ; iclk       ; iclk     ; None                        ; None                      ; 2.650 ns                ;
; N/A                                     ; 353.23 MHz ( period = 2.831 ns )                    ; count[8]       ; rlendata[4]       ; iclk       ; iclk     ; None                        ; None                      ; 2.650 ns                ;
; N/A                                     ; 353.23 MHz ( period = 2.831 ns )                    ; count[8]       ; rlendata[2]       ; iclk       ; iclk     ; None                        ; None                      ; 2.650 ns                ;
; N/A                                     ; 353.23 MHz ( period = 2.831 ns )                    ; count[8]       ; rlendata[3]       ; iclk       ; iclk     ; None                        ; None                      ; 2.650 ns                ;
; N/A                                     ; 353.23 MHz ( period = 2.831 ns )                    ; count[8]       ; rlendata[6]       ; iclk       ; iclk     ; None                        ; None                      ; 2.650 ns                ;
; N/A                                     ; 353.23 MHz ( period = 2.831 ns )                    ; count[8]       ; rlendata[7]       ; iclk       ; iclk     ; None                        ; None                      ; 2.650 ns                ;
; N/A                                     ; 353.23 MHz ( period = 2.831 ns )                    ; count[8]       ; rlendata[5]       ; iclk       ; iclk     ; None                        ; None                      ; 2.650 ns                ;
; N/A                                     ; 353.23 MHz ( period = 2.831 ns )                    ; count[8]       ; rlendata[10]      ; iclk       ; iclk     ; None                        ; None                      ; 2.650 ns                ;
; N/A                                     ; 353.23 MHz ( period = 2.831 ns )                    ; count[8]       ; rlendata[9]       ; iclk       ; iclk     ; None                        ; None                      ; 2.650 ns                ;
; N/A                                     ; 353.23 MHz ( period = 2.831 ns )                    ; count[8]       ; rlendata[8]       ; iclk       ; iclk     ; None                        ; None                      ; 2.650 ns                ;
; N/A                                     ; 353.23 MHz ( period = 2.831 ns )                    ; count[8]       ; rlendata[0]       ; iclk       ; iclk     ; None                        ; None                      ; 2.650 ns                ;
; N/A                                     ; 354.36 MHz ( period = 2.822 ns )                    ; count[7]       ; count[3]          ; iclk       ; iclk     ; None                        ; None                      ; 2.638 ns                ;
; N/A                                     ; 354.36 MHz ( period = 2.822 ns )                    ; count[7]       ; count[2]          ; iclk       ; iclk     ; None                        ; None                      ; 2.638 ns                ;
; N/A                                     ; 354.36 MHz ( period = 2.822 ns )                    ; count[7]       ; count[4]          ; iclk       ; iclk     ; None                        ; None                      ; 2.638 ns                ;
; N/A                                     ; 354.36 MHz ( period = 2.822 ns )                    ; count[7]       ; count[1]          ; iclk       ; iclk     ; None                        ; None                      ; 2.638 ns                ;
; N/A                                     ; 354.36 MHz ( period = 2.822 ns )                    ; count[7]       ; count[10]         ; iclk       ; iclk     ; None                        ; None                      ; 2.638 ns                ;
; N/A                                     ; 354.36 MHz ( period = 2.822 ns )                    ; count[7]       ; count[8]          ; iclk       ; iclk     ; None                        ; None                      ; 2.638 ns                ;
; N/A                                     ; 354.36 MHz ( period = 2.822 ns )                    ; count[7]       ; count[5]          ; iclk       ; iclk     ; None                        ; None                      ; 2.638 ns                ;
; N/A                                     ; 354.36 MHz ( period = 2.822 ns )                    ; count[7]       ; count[7]          ; iclk       ; iclk     ; None                        ; None                      ; 2.638 ns                ;
; N/A                                     ; 354.36 MHz ( period = 2.822 ns )                    ; count[7]       ; count[6]          ; iclk       ; iclk     ; None                        ; None                      ; 2.638 ns                ;
; N/A                                     ; 354.36 MHz ( period = 2.822 ns )                    ; count[7]       ; count[9]          ; iclk       ; iclk     ; None                        ; None                      ; 2.638 ns                ;
; N/A                                     ; 354.36 MHz ( period = 2.822 ns )                    ; count[7]       ; count[0]          ; iclk       ; iclk     ; None                        ; None                      ; 2.638 ns                ;
; N/A                                     ; 355.11 MHz ( period = 2.816 ns )                    ; count[5]       ; count[3]          ; iclk       ; iclk     ; None                        ; None                      ; 2.632 ns                ;
; N/A                                     ; 355.11 MHz ( period = 2.816 ns )                    ; count[5]       ; count[2]          ; iclk       ; iclk     ; None                        ; None                      ; 2.632 ns                ;
; N/A                                     ; 355.11 MHz ( period = 2.816 ns )                    ; count[5]       ; count[4]          ; iclk       ; iclk     ; None                        ; None                      ; 2.632 ns                ;
; N/A                                     ; 355.11 MHz ( period = 2.816 ns )                    ; count[5]       ; count[1]          ; iclk       ; iclk     ; None                        ; None                      ; 2.632 ns                ;
; N/A                                     ; 355.11 MHz ( period = 2.816 ns )                    ; count[5]       ; count[10]         ; iclk       ; iclk     ; None                        ; None                      ; 2.632 ns                ;
; N/A                                     ; 355.11 MHz ( period = 2.816 ns )                    ; count[5]       ; count[8]          ; iclk       ; iclk     ; None                        ; None                      ; 2.632 ns                ;
; N/A                                     ; 355.11 MHz ( period = 2.816 ns )                    ; count[5]       ; count[5]          ; iclk       ; iclk     ; None                        ; None                      ; 2.632 ns                ;
; N/A                                     ; 355.11 MHz ( period = 2.816 ns )                    ; count[5]       ; count[7]          ; iclk       ; iclk     ; None                        ; None                      ; 2.632 ns                ;
; N/A                                     ; 355.11 MHz ( period = 2.816 ns )                    ; count[5]       ; count[6]          ; iclk       ; iclk     ; None                        ; None                      ; 2.632 ns                ;
; N/A                                     ; 355.11 MHz ( period = 2.816 ns )                    ; count[5]       ; count[9]          ; iclk       ; iclk     ; None                        ; None                      ; 2.632 ns                ;
; N/A                                     ; 355.11 MHz ( period = 2.816 ns )                    ; count[5]       ; count[0]          ; iclk       ; iclk     ; None                        ; None                      ; 2.632 ns                ;
; N/A                                     ; 358.68 MHz ( period = 2.788 ns )                    ; rcurst.stIGP   ; rcurst.stDATA     ; iclk       ; iclk     ; None                        ; None                      ; 2.604 ns                ;
; N/A                                     ; 358.68 MHz ( period = 2.788 ns )                    ; rcurst.stIGP   ; rcurst.stSFD      ; iclk       ; iclk     ; None                        ; None                      ; 2.604 ns                ;
; N/A                                     ; 358.68 MHz ( period = 2.788 ns )                    ; rcurst.stIGP   ; rcurst.stIGP      ; iclk       ; iclk     ; None                        ; None                      ; 2.604 ns                ;
; N/A                                     ; 358.68 MHz ( period = 2.788 ns )                    ; rcurst.stIGP   ; rcurst.stLENTYPE  ; iclk       ; iclk     ; None                        ; None                      ; 2.604 ns                ;
; N/A                                     ; 358.68 MHz ( period = 2.788 ns )                    ; rcurst.stIGP   ; rcurst.stPREAMBLE ; iclk       ; iclk     ; None                        ; None                      ; 2.604 ns                ;
; N/A                                     ; 358.68 MHz ( period = 2.788 ns )                    ; rcurst.stIGP   ; rcurst.stSADDR    ; iclk       ; iclk     ; None                        ; None                      ; 2.604 ns                ;
; N/A                                     ; 358.68 MHz ( period = 2.788 ns )                    ; rcurst.stIGP   ; rcurst.stDADDR    ; iclk       ; iclk     ; None                        ; None                      ; 2.604 ns                ;
; N/A                                     ; 358.68 MHz ( period = 2.788 ns )                    ; rcurst.stIGP   ; rcurst.stFCS      ; iclk       ; iclk     ; None                        ; None                      ; 2.604 ns                ;
; N/A                                     ; 358.81 MHz ( period = 2.787 ns )                    ; count[1]       ; count[3]          ; iclk       ; iclk     ; None                        ; None                      ; 2.603 ns                ;
; N/A                                     ; 358.81 MHz ( period = 2.787 ns )                    ; count[1]       ; count[2]          ; iclk       ; iclk     ; None                        ; None                      ; 2.603 ns                ;
; N/A                                     ; 358.81 MHz ( period = 2.787 ns )                    ; count[1]       ; count[4]          ; iclk       ; iclk     ; None                        ; None                      ; 2.603 ns                ;
; N/A                                     ; 358.81 MHz ( period = 2.787 ns )                    ; count[1]       ; count[1]          ; iclk       ; iclk     ; None                        ; None                      ; 2.603 ns                ;
; N/A                                     ; 358.81 MHz ( period = 2.787 ns )                    ; count[1]       ; count[10]         ; iclk       ; iclk     ; None                        ; None                      ; 2.603 ns                ;
; N/A                                     ; 358.81 MHz ( period = 2.787 ns )                    ; count[1]       ; count[8]          ; iclk       ; iclk     ; None                        ; None                      ; 2.603 ns                ;
; N/A                                     ; 358.81 MHz ( period = 2.787 ns )                    ; count[1]       ; count[5]          ; iclk       ; iclk     ; None                        ; None                      ; 2.603 ns                ;
; N/A                                     ; 358.81 MHz ( period = 2.787 ns )                    ; count[1]       ; count[7]          ; iclk       ; iclk     ; None                        ; None                      ; 2.603 ns                ;
; N/A                                     ; 358.81 MHz ( period = 2.787 ns )                    ; count[1]       ; count[6]          ; iclk       ; iclk     ; None                        ; None                      ; 2.603 ns                ;
; N/A                                     ; 358.81 MHz ( period = 2.787 ns )                    ; count[1]       ; count[9]          ; iclk       ; iclk     ; None                        ; None                      ; 2.603 ns                ;
; N/A                                     ; 358.81 MHz ( period = 2.787 ns )                    ; count[1]       ; count[0]          ; iclk       ; iclk     ; None                        ; None                      ; 2.603 ns                ;
; N/A                                     ; 360.36 MHz ( period = 2.775 ns )                    ; rlendata[6]    ; rcurst.stDATA     ; iclk       ; iclk     ; None                        ; None                      ; 2.590 ns                ;
; N/A                                     ; 360.36 MHz ( period = 2.775 ns )                    ; rlendata[6]    ; rcurst.stSFD      ; iclk       ; iclk     ; None                        ; None                      ; 2.590 ns                ;
; N/A                                     ; 360.36 MHz ( period = 2.775 ns )                    ; rlendata[6]    ; rcurst.stIGP      ; iclk       ; iclk     ; None                        ; None                      ; 2.590 ns                ;
; N/A                                     ; 360.36 MHz ( period = 2.775 ns )                    ; rlendata[6]    ; rcurst.stLENTYPE  ; iclk       ; iclk     ; None                        ; None                      ; 2.590 ns                ;
; N/A                                     ; 360.36 MHz ( period = 2.775 ns )                    ; rlendata[6]    ; rcurst.stPREAMBLE ; iclk       ; iclk     ; None                        ; None                      ; 2.590 ns                ;
; N/A                                     ; 360.36 MHz ( period = 2.775 ns )                    ; rlendata[6]    ; rcurst.stSADDR    ; iclk       ; iclk     ; None                        ; None                      ; 2.590 ns                ;
; N/A                                     ; 360.36 MHz ( period = 2.775 ns )                    ; rlendata[6]    ; rcurst.stDADDR    ; iclk       ; iclk     ; None                        ; None                      ; 2.590 ns                ;
; N/A                                     ; 360.36 MHz ( period = 2.775 ns )                    ; rlendata[6]    ; rcurst.stFCS      ; iclk       ; iclk     ; None                        ; None                      ; 2.590 ns                ;
; N/A                                     ; 361.66 MHz ( period = 2.765 ns )                    ; count[0]       ; count[3]          ; iclk       ; iclk     ; None                        ; None                      ; 2.581 ns                ;
; N/A                                     ; 361.66 MHz ( period = 2.765 ns )                    ; count[0]       ; count[2]          ; iclk       ; iclk     ; None                        ; None                      ; 2.581 ns                ;
; N/A                                     ; 361.66 MHz ( period = 2.765 ns )                    ; count[0]       ; count[4]          ; iclk       ; iclk     ; None                        ; None                      ; 2.581 ns                ;
; N/A                                     ; 361.66 MHz ( period = 2.765 ns )                    ; count[0]       ; count[1]          ; iclk       ; iclk     ; None                        ; None                      ; 2.581 ns                ;
; N/A                                     ; 361.66 MHz ( period = 2.765 ns )                    ; count[0]       ; count[10]         ; iclk       ; iclk     ; None                        ; None                      ; 2.581 ns                ;
; N/A                                     ; 361.66 MHz ( period = 2.765 ns )                    ; count[0]       ; count[8]          ; iclk       ; iclk     ; None                        ; None                      ; 2.581 ns                ;
; N/A                                     ; 361.66 MHz ( period = 2.765 ns )                    ; count[0]       ; count[5]          ; iclk       ; iclk     ; None                        ; None                      ; 2.581 ns                ;
; N/A                                     ; 361.66 MHz ( period = 2.765 ns )                    ; count[0]       ; count[7]          ; iclk       ; iclk     ; None                        ; None                      ; 2.581 ns                ;
; N/A                                     ; 361.66 MHz ( period = 2.765 ns )                    ; count[0]       ; count[6]          ; iclk       ; iclk     ; None                        ; None                      ; 2.581 ns                ;
; N/A                                     ; 361.66 MHz ( period = 2.765 ns )                    ; count[0]       ; count[9]          ; iclk       ; iclk     ; None                        ; None                      ; 2.581 ns                ;
; N/A                                     ; 361.66 MHz ( period = 2.765 ns )                    ; count[0]       ; count[0]          ; iclk       ; iclk     ; None                        ; None                      ; 2.581 ns                ;
; N/A                                     ; 364.43 MHz ( period = 2.744 ns )                    ; rlendata[7]    ; rcurst.stDATA     ; iclk       ; iclk     ; None                        ; None                      ; 2.559 ns                ;
; N/A                                     ; 364.43 MHz ( period = 2.744 ns )                    ; rlendata[7]    ; rcurst.stSFD      ; iclk       ; iclk     ; None                        ; None                      ; 2.559 ns                ;
; N/A                                     ; 364.43 MHz ( period = 2.744 ns )                    ; rlendata[7]    ; rcurst.stIGP      ; iclk       ; iclk     ; None                        ; None                      ; 2.559 ns                ;
; N/A                                     ; 364.43 MHz ( period = 2.744 ns )                    ; rlendata[7]    ; rcurst.stLENTYPE  ; iclk       ; iclk     ; None                        ; None                      ; 2.559 ns                ;
; N/A                                     ; 364.43 MHz ( period = 2.744 ns )                    ; rlendata[7]    ; rcurst.stPREAMBLE ; iclk       ; iclk     ; None                        ; None                      ; 2.559 ns                ;
; N/A                                     ; 364.43 MHz ( period = 2.744 ns )                    ; rlendata[7]    ; rcurst.stSADDR    ; iclk       ; iclk     ; None                        ; None                      ; 2.559 ns                ;
; N/A                                     ; 364.43 MHz ( period = 2.744 ns )                    ; rlendata[7]    ; rcurst.stDADDR    ; iclk       ; iclk     ; None                        ; None                      ; 2.559 ns                ;
; N/A                                     ; 364.43 MHz ( period = 2.744 ns )                    ; rlendata[7]    ; rcurst.stFCS      ; iclk       ; iclk     ; None                        ; None                      ; 2.559 ns                ;
; N/A                                     ; 367.78 MHz ( period = 2.719 ns )                    ; count[9]       ; count[7]          ; iclk       ; iclk     ; None                        ; None                      ; 2.535 ns                ;
; N/A                                     ; 367.78 MHz ( period = 2.719 ns )                    ; count[9]       ; count[6]          ; iclk       ; iclk     ; None                        ; None                      ; 2.535 ns                ;
; N/A                                     ; 367.78 MHz ( period = 2.719 ns )                    ; count[9]       ; count[9]          ; iclk       ; iclk     ; None                        ; None                      ; 2.535 ns                ;
; Timing analysis restricted to 200 rows. ; To change the limit use Settings (Assignments menu) ;                ;                   ;            ;          ;                             ;                           ;                         ;
+-----------------------------------------+-----------------------------------------------------+----------------+-------------------+------------+----------+-----------------------------+---------------------------+-------------------------+


+-----------------------------------------------------------------------------------+
; tsu                                                                               ;
+-------+--------------+------------+---------------+--------------------+----------+
; Slack ; Required tsu ; Actual tsu ; From          ; To                 ; To Clock ;
+-------+--------------+------------+---------------+--------------------+----------+
; N/A   ; None         ; 4.522 ns   ; ienable       ; rcurst.stDATA      ; iclk     ;
; N/A   ; None         ; 4.522 ns   ; ienable       ; rcurst.stSFD       ; iclk     ;
; N/A   ; None         ; 4.522 ns   ; ienable       ; rcurst.stIGP       ; iclk     ;
; N/A   ; None         ; 4.522 ns   ; ienable       ; rcurst.stLENTYPE   ; iclk     ;
; N/A   ; None         ; 4.522 ns   ; ienable       ; rcurst.stPREAMBLE  ; iclk     ;
; N/A   ; None         ; 4.522 ns   ; ienable       ; rcurst.stSADDR     ; iclk     ;
; N/A   ; None         ; 4.522 ns   ; ienable       ; rcurst.stDADDR     ; iclk     ;
; N/A   ; None         ; 4.522 ns   ; ienable       ; rcurst.stFCS       ; iclk     ;
; N/A   ; None         ; 4.007 ns   ; ienable       ; count[3]           ; iclk     ;
; N/A   ; None         ; 4.007 ns   ; ienable       ; count[2]           ; iclk     ;
; N/A   ; None         ; 4.007 ns   ; ienable       ; count[4]           ; iclk     ;
; N/A   ; None         ; 4.007 ns   ; ienable       ; count[1]           ; iclk     ;
; N/A   ; None         ; 4.007 ns   ; ienable       ; count[10]          ; iclk     ;
; N/A   ; None         ; 4.007 ns   ; ienable       ; count[8]           ; iclk     ;
; N/A   ; None         ; 4.007 ns   ; ienable       ; count[5]           ; iclk     ;
; N/A   ; None         ; 4.007 ns   ; ienable       ; count[7]           ; iclk     ;
; N/A   ; None         ; 4.007 ns   ; ienable       ; count[6]           ; iclk     ;
; N/A   ; None         ; 4.007 ns   ; ienable       ; count[9]           ; iclk     ;
; N/A   ; None         ; 4.007 ns   ; ienable       ; count[0]           ; iclk     ;
; N/A   ; None         ; 3.171 ns   ; ilen[10]      ; rlendata[10]       ; iclk     ;
; N/A   ; None         ; 3.155 ns   ; ilen[2]       ; rlendata[2]        ; iclk     ;
; N/A   ; None         ; 3.040 ns   ; ishift_reg[0] ; odata_byte[0]~reg0 ; iclk     ;
; N/A   ; None         ; 2.968 ns   ; ilen[9]       ; rlendata[9]        ; iclk     ;
; N/A   ; None         ; 2.787 ns   ; ilen[7]       ; rlendata[7]        ; iclk     ;
; N/A   ; None         ; 2.736 ns   ; ilen[3]       ; rlendata[3]        ; iclk     ;
; N/A   ; None         ; 2.722 ns   ; ilen[4]       ; rlendata[4]        ; iclk     ;
; N/A   ; None         ; 2.713 ns   ; ilen[0]       ; rlendata[0]        ; iclk     ;
; N/A   ; None         ; 2.703 ns   ; ishift_reg[5] ; odata_byte[5]~reg0 ; iclk     ;
; N/A   ; None         ; 2.667 ns   ; ilen[1]       ; rlendata[1]        ; iclk     ;
; N/A   ; None         ; 2.657 ns   ; ilen[5]       ; rlendata[5]        ; iclk     ;
; N/A   ; None         ; 2.631 ns   ; ishift_reg[4] ; odata_byte[4]~reg0 ; iclk     ;
; N/A   ; None         ; 2.630 ns   ; ishift_reg[6] ; odata_byte[6]~reg0 ; iclk     ;
; N/A   ; None         ; 2.620 ns   ; ishift_reg[7] ; odata_byte[7]~reg0 ; iclk     ;
; N/A   ; None         ; 2.609 ns   ; ishift_reg[2] ; odata_byte[2]~reg0 ; iclk     ;
; N/A   ; None         ; 2.602 ns   ; ishift_reg[3] ; odata_byte[3]~reg0 ; iclk     ;
; N/A   ; None         ; 2.558 ns   ; ilen[8]       ; rlendata[8]        ; iclk     ;
; N/A   ; None         ; 2.518 ns   ; ilen[6]       ; rlendata[6]        ; iclk     ;
; N/A   ; None         ; 2.277 ns   ; ishift_reg[1] ; odata_byte[1]~reg0 ; iclk     ;
+-------+--------------+------------+---------------+--------------------+----------+


+-------------------------------------------------------------------------------------+
; tco                                                                                 ;
+-------+--------------+------------+--------------------+---------------+------------+
; Slack ; Required tco ; Actual tco ; From               ; To            ; From Clock ;
+-------+--------------+------------+--------------------+---------------+------------+
; N/A   ; None         ; 7.158 ns   ; odata_byte[6]~reg0 ; odata_byte[6] ; iclk       ;
; N/A   ; None         ; 6.395 ns   ; ost[0]~reg0        ; ost[0]        ; iclk       ;
; N/A   ; None         ; 6.266 ns   ; odata_byte[1]~reg0 ; odata_byte[1] ; iclk       ;
; N/A   ; None         ; 5.798 ns   ; ost[2]~reg0        ; ost[2]        ; iclk       ;
; N/A   ; None         ; 5.580 ns   ; odata_byte[4]~reg0 ; odata_byte[4] ; iclk       ;
; N/A   ; None         ; 5.564 ns   ; odata_byte[5]~reg0 ; odata_byte[5] ; iclk       ;
; N/A   ; None         ; 5.415 ns   ; ost[1]~reg0        ; ost[1]        ; iclk       ;
; N/A   ; None         ; 5.389 ns   ; odata_byte[3]~reg0 ; odata_byte[3] ; iclk       ;
; N/A   ; None         ; 5.368 ns   ; odata_byte[2]~reg0 ; odata_byte[2] ; iclk       ;
; N/A   ; None         ; 5.329 ns   ; odata_byte[7]~reg0 ; odata_byte[7] ; iclk       ;
; N/A   ; None         ; 5.151 ns   ; odata_byte[0]~reg0 ; odata_byte[0] ; iclk       ;
+-------+--------------+------------+--------------------+---------------+------------+


+-----------------------------------------------------------------------------------------+
; th                                                                                      ;
+---------------+-------------+-----------+---------------+--------------------+----------+
; Minimum Slack ; Required th ; Actual th ; From          ; To                 ; To Clock ;
+---------------+-------------+-----------+---------------+--------------------+----------+
; N/A           ; None        ; -2.038 ns ; ishift_reg[1] ; odata_byte[1]~reg0 ; iclk     ;
; N/A           ; None        ; -2.279 ns ; ilen[6]       ; rlendata[6]        ; iclk     ;
; N/A           ; None        ; -2.319 ns ; ilen[8]       ; rlendata[8]        ; iclk     ;
; N/A           ; None        ; -2.363 ns ; ishift_reg[3] ; odata_byte[3]~reg0 ; iclk     ;
; N/A           ; None        ; -2.370 ns ; ishift_reg[2] ; odata_byte[2]~reg0 ; iclk     ;
; N/A           ; None        ; -2.381 ns ; ishift_reg[7] ; odata_byte[7]~reg0 ; iclk     ;
; N/A           ; None        ; -2.391 ns ; ishift_reg[6] ; odata_byte[6]~reg0 ; iclk     ;
; N/A           ; None        ; -2.392 ns ; ishift_reg[4] ; odata_byte[4]~reg0 ; iclk     ;
; N/A           ; None        ; -2.418 ns ; ilen[5]       ; rlendata[5]        ; iclk     ;
; N/A           ; None        ; -2.428 ns ; ilen[1]       ; rlendata[1]        ; iclk     ;
; N/A           ; None        ; -2.464 ns ; ishift_reg[5] ; odata_byte[5]~reg0 ; iclk     ;
; N/A           ; None        ; -2.474 ns ; ilen[0]       ; rlendata[0]        ; iclk     ;
; N/A           ; None        ; -2.483 ns ; ilen[4]       ; rlendata[4]        ; iclk     ;
; N/A           ; None        ; -2.497 ns ; ilen[3]       ; rlendata[3]        ; iclk     ;
; N/A           ; None        ; -2.548 ns ; ilen[7]       ; rlendata[7]        ; iclk     ;
; N/A           ; None        ; -2.729 ns ; ilen[9]       ; rlendata[9]        ; iclk     ;
; N/A           ; None        ; -2.801 ns ; ishift_reg[0] ; odata_byte[0]~reg0 ; iclk     ;
; N/A           ; None        ; -2.916 ns ; ilen[2]       ; rlendata[2]        ; iclk     ;
; N/A           ; None        ; -2.932 ns ; ilen[10]      ; rlendata[10]       ; iclk     ;
; N/A           ; None        ; -3.768 ns ; ienable       ; count[3]           ; iclk     ;
; N/A           ; None        ; -3.768 ns ; ienable       ; count[2]           ; iclk     ;
; N/A           ; None        ; -3.768 ns ; ienable       ; count[4]           ; iclk     ;
; N/A           ; None        ; -3.768 ns ; ienable       ; count[1]           ; iclk     ;
; N/A           ; None        ; -3.768 ns ; ienable       ; count[10]          ; iclk     ;
; N/A           ; None        ; -3.768 ns ; ienable       ; count[8]           ; iclk     ;
; N/A           ; None        ; -3.768 ns ; ienable       ; count[5]           ; iclk     ;
; N/A           ; None        ; -3.768 ns ; ienable       ; count[7]           ; iclk     ;
; N/A           ; None        ; -3.768 ns ; ienable       ; count[6]           ; iclk     ;
; N/A           ; None        ; -3.768 ns ; ienable       ; count[9]           ; iclk     ;
; N/A           ; None        ; -3.768 ns ; ienable       ; count[0]           ; iclk     ;
; N/A           ; None        ; -4.283 ns ; ienable       ; rcurst.stDATA      ; iclk     ;
; N/A           ; None        ; -4.283 ns ; ienable       ; rcurst.stSFD       ; iclk     ;
; N/A           ; None        ; -4.283 ns ; ienable       ; rcurst.stIGP       ; iclk     ;
; N/A           ; None        ; -4.283 ns ; ienable       ; rcurst.stLENTYPE   ; iclk     ;
; N/A           ; None        ; -4.283 ns ; ienable       ; rcurst.stPREAMBLE  ; iclk     ;
; N/A           ; None        ; -4.283 ns ; ienable       ; rcurst.stSADDR     ; iclk     ;
; N/A           ; None        ; -4.283 ns ; ienable       ; rcurst.stDADDR     ; iclk     ;
; N/A           ; None        ; -4.283 ns ; ienable       ; rcurst.stFCS       ; iclk     ;
+---------------+-------------+-----------+---------------+--------------------+----------+


+--------------------------+
; Timing Analyzer Messages ;
+--------------------------+
Info: *******************************************************************
Info: Running Quartus II Classic Timing Analyzer
    Info: Version 9.1 Build 350 03/24/2010 Service Pack 2 SJ Web Edition
    Info: Processing started: Sun May 05 20:51:24 2019
Info: Command: quartus_tan --read_settings_files=off --write_settings_files=off FSM_frame -c FSM_frame --timing_analysis_only
Warning: Found pins functioning as undefined clocks and/or memory enables
    Info: Assuming node "iclk" is an undefined clock
Info: Clock "iclk" has Internal fmax of 297.27 MHz between source register "count[8]" and destination register "rcurst.stDATA" (period= 3.364 ns)
    Info: + Longest register to register delay is 3.182 ns
        Info: 1: + IC(0.000 ns) + CELL(0.000 ns) = 0.000 ns; Loc. = LCFF_X5_Y7_N17; Fanout = 3; REG Node = 'count[8]'
        Info: 2: + IC(0.514 ns) + CELL(0.357 ns) = 0.871 ns; Loc. = LCCOMB_X6_Y7_N20; Fanout = 6; COMB Node = 'LessThan2~0'
        Info: 3: + IC(0.503 ns) + CELL(0.053 ns) = 1.427 ns; Loc. = LCCOMB_X3_Y7_N24; Fanout = 2; COMB Node = 'count[10]~2'
        Info: 4: + IC(0.518 ns) + CELL(0.272 ns) = 2.217 ns; Loc. = LCCOMB_X6_Y7_N2; Fanout = 8; COMB Node = 'Selector0~5'
        Info: 5: + IC(0.219 ns) + CELL(0.746 ns) = 3.182 ns; Loc. = LCFF_X6_Y7_N5; Fanout = 35; REG Node = 'rcurst.stDATA'
        Info: Total cell delay = 1.428 ns ( 44.88 % )
        Info: Total interconnect delay = 1.754 ns ( 55.12 % )
    Info: - Smallest clock skew is 0.002 ns
        Info: + Shortest clock path from clock "iclk" to destination register is 2.470 ns
            Info: 1: + IC(0.000 ns) + CELL(0.854 ns) = 0.854 ns; Loc. = PIN_N20; Fanout = 1; CLK Node = 'iclk'
            Info: 2: + IC(0.343 ns) + CELL(0.000 ns) = 1.197 ns; Loc. = CLKCTRL_G3; Fanout = 49; COMB Node = 'iclk~clkctrl'
            Info: 3: + IC(0.655 ns) + CELL(0.618 ns) = 2.470 ns; Loc. = LCFF_X6_Y7_N5; Fanout = 35; REG Node = 'rcurst.stDATA'
            Info: Total cell delay = 1.472 ns ( 59.60 % )
            Info: Total interconnect delay = 0.998 ns ( 40.40 % )
        Info: - Longest clock path from clock "iclk" to source register is 2.468 ns
            Info: 1: + IC(0.000 ns) + CELL(0.854 ns) = 0.854 ns; Loc. = PIN_N20; Fanout = 1; CLK Node = 'iclk'
            Info: 2: + IC(0.343 ns) + CELL(0.000 ns) = 1.197 ns; Loc. = CLKCTRL_G3; Fanout = 49; COMB Node = 'iclk~clkctrl'
            Info: 3: + IC(0.653 ns) + CELL(0.618 ns) = 2.468 ns; Loc. = LCFF_X5_Y7_N17; Fanout = 3; REG Node = 'count[8]'
            Info: Total cell delay = 1.472 ns ( 59.64 % )
            Info: Total interconnect delay = 0.996 ns ( 40.36 % )
    Info: + Micro clock to output delay of source is 0.094 ns
    Info: + Micro setup delay of destination is 0.090 ns
Info: tsu for register "rcurst.stDATA" (data pin = "ienable", clock pin = "iclk") is 4.522 ns
    Info: + Longest pin to register delay is 6.902 ns
        Info: 1: + IC(0.000 ns) + CELL(0.810 ns) = 0.810 ns; Loc. = PIN_U18; Fanout = 1; PIN Node = 'ienable'
        Info: 2: + IC(3.980 ns) + CELL(0.357 ns) = 5.147 ns; Loc. = LCCOMB_X3_Y7_N24; Fanout = 2; COMB Node = 'count[10]~2'
        Info: 3: + IC(0.518 ns) + CELL(0.272 ns) = 5.937 ns; Loc. = LCCOMB_X6_Y7_N2; Fanout = 8; COMB Node = 'Selector0~5'
        Info: 4: + IC(0.219 ns) + CELL(0.746 ns) = 6.902 ns; Loc. = LCFF_X6_Y7_N5; Fanout = 35; REG Node = 'rcurst.stDATA'
        Info: Total cell delay = 2.185 ns ( 31.66 % )
        Info: Total interconnect delay = 4.717 ns ( 68.34 % )
    Info: + Micro setup delay of destination is 0.090 ns
    Info: - Shortest clock path from clock "iclk" to destination register is 2.470 ns
        Info: 1: + IC(0.000 ns) + CELL(0.854 ns) = 0.854 ns; Loc. = PIN_N20; Fanout = 1; CLK Node = 'iclk'
        Info: 2: + IC(0.343 ns) + CELL(0.000 ns) = 1.197 ns; Loc. = CLKCTRL_G3; Fanout = 49; COMB Node = 'iclk~clkctrl'
        Info: 3: + IC(0.655 ns) + CELL(0.618 ns) = 2.470 ns; Loc. = LCFF_X6_Y7_N5; Fanout = 35; REG Node = 'rcurst.stDATA'
        Info: Total cell delay = 1.472 ns ( 59.60 % )
        Info: Total interconnect delay = 0.998 ns ( 40.40 % )
Info: tco from clock "iclk" to destination pin "odata_byte[6]" through register "odata_byte[6]~reg0" is 7.158 ns
    Info: + Longest clock path from clock "iclk" to source register is 2.462 ns
        Info: 1: + IC(0.000 ns) + CELL(0.854 ns) = 0.854 ns; Loc. = PIN_N20; Fanout = 1; CLK Node = 'iclk'
        Info: 2: + IC(0.343 ns) + CELL(0.000 ns) = 1.197 ns; Loc. = CLKCTRL_G3; Fanout = 49; COMB Node = 'iclk~clkctrl'
        Info: 3: + IC(0.647 ns) + CELL(0.618 ns) = 2.462 ns; Loc. = LCFF_X3_Y7_N5; Fanout = 1; REG Node = 'odata_byte[6]~reg0'
        Info: Total cell delay = 1.472 ns ( 59.79 % )
        Info: Total interconnect delay = 0.990 ns ( 40.21 % )
    Info: + Micro clock to output delay of source is 0.094 ns
    Info: + Longest register to pin delay is 4.602 ns
        Info: 1: + IC(0.000 ns) + CELL(0.000 ns) = 0.000 ns; Loc. = LCFF_X3_Y7_N5; Fanout = 1; REG Node = 'odata_byte[6]~reg0'
        Info: 2: + IC(2.478 ns) + CELL(2.124 ns) = 4.602 ns; Loc. = PIN_R6; Fanout = 0; PIN Node = 'odata_byte[6]'
        Info: Total cell delay = 2.124 ns ( 46.15 % )
        Info: Total interconnect delay = 2.478 ns ( 53.85 % )
Info: th for register "odata_byte[1]~reg0" (data pin = "ishift_reg[1]", clock pin = "iclk") is -2.038 ns
    Info: + Longest clock path from clock "iclk" to destination register is 2.462 ns
        Info: 1: + IC(0.000 ns) + CELL(0.854 ns) = 0.854 ns; Loc. = PIN_N20; Fanout = 1; CLK Node = 'iclk'
        Info: 2: + IC(0.343 ns) + CELL(0.000 ns) = 1.197 ns; Loc. = CLKCTRL_G3; Fanout = 49; COMB Node = 'iclk~clkctrl'
        Info: 3: + IC(0.647 ns) + CELL(0.618 ns) = 2.462 ns; Loc. = LCFF_X3_Y7_N29; Fanout = 1; REG Node = 'odata_byte[1]~reg0'
        Info: Total cell delay = 1.472 ns ( 59.79 % )
        Info: Total interconnect delay = 0.990 ns ( 40.21 % )
    Info: + Micro hold delay of destination is 0.149 ns
    Info: - Shortest pin to register delay is 4.649 ns
        Info: 1: + IC(0.000 ns) + CELL(0.830 ns) = 0.830 ns; Loc. = PIN_T22; Fanout = 1; PIN Node = 'ishift_reg[1]'
        Info: 2: + IC(3.611 ns) + CELL(0.053 ns) = 4.494 ns; Loc. = LCCOMB_X3_Y7_N28; Fanout = 1; COMB Node = 'odata_byte[1]~reg0feeder'
        Info: 3: + IC(0.000 ns) + CELL(0.155 ns) = 4.649 ns; Loc. = LCFF_X3_Y7_N29; Fanout = 1; REG Node = 'odata_byte[1]~reg0'
        Info: Total cell delay = 1.038 ns ( 22.33 % )
        Info: Total interconnect delay = 3.611 ns ( 77.67 % )
Info: Quartus II Classic Timing Analyzer was successful. 0 errors, 1 warning
    Info: Peak virtual memory: 213 megabytes
    Info: Processing ended: Sun May 05 20:51:24 2019
    Info: Elapsed time: 00:00:00
    Info: Total CPU time (on all processors): 00:00:01


