Flow report for FSM_frame
Sun May 05 20:51:25 2019
Quartus II Version 9.1 Build 350 03/24/2010 Service Pack 2 SJ Web Edition


---------------------
; Table of Contents ;
---------------------
  1. Legal Notice
  2. Flow Summary
  3. Flow Settings
  4. Flow Non-Default Global Settings
  5. Flow Elapsed Time
  6. Flow OS Summary
  7. Flow Log



----------------
; Legal Notice ;
----------------
Copyright (C) 1991-2010 Altera Corporation
Your use of Altera Corporation's design tools, logic functions 
and other software and tools, and its AMPP partner logic 
functions, and any output files from any of the foregoing 
(including device programming or simulation files), and any 
associated documentation or information are expressly subject 
to the terms and conditions of the Altera Program License 
Subscription Agreement, Altera MegaCore Function License 
Agreement, or other applicable license agreement, including, 
without limitation, that your use is for the sole purpose of 
programming logic devices manufactured by Altera and sold by 
Altera or its authorized distributors.  Please refer to the 
applicable agreement for further details.



+------------------------------------------------------------------------------+
; Flow Summary                                                                 ;
+-------------------------------+----------------------------------------------+
; Flow Status                   ; Successful - Sun May 05 20:51:25 2019        ;
; Quartus II Version            ; 9.1 Build 350 03/24/2010 SP 2 SJ Web Edition ;
; Revision Name                 ; FSM_frame                                    ;
; Top-level Entity Name         ; FSM_frame                                    ;
; Family                        ; Stratix II                                   ;
; Met timing requirements       ; Yes                                          ;
; Logic utilization             ; < 1 %                                        ;
;     Combinational ALUTs       ; 49 / 12,480 ( < 1 % )                        ;
;     Dedicated logic registers ; 49 / 12,480 ( < 1 % )                        ;
; Total registers               ; 49                                           ;
; Total pins                    ; 56 / 343 ( 16 % )                            ;
; Total virtual pins            ; 0                                            ;
; Total block memory bits       ; 0 / 419,328 ( 0 % )                          ;
; DSP block 9-bit elements      ; 0 / 96 ( 0 % )                               ;
; Total PLLs                    ; 0 / 6 ( 0 % )                                ;
; Total DLLs                    ; 0 / 2 ( 0 % )                                ;
; Device                        ; EP2S15F484C3                                 ;
; Timing Models                 ; Final                                        ;
+-------------------------------+----------------------------------------------+


+-----------------------------------------+
; Flow Settings                           ;
+-------------------+---------------------+
; Option            ; Setting             ;
+-------------------+---------------------+
; Start date & time ; 05/05/2019 20:51:14 ;
; Main task         ; Compilation         ;
; Revision Name     ; FSM_frame           ;
+-------------------+---------------------+


+------------------------------------------------------------------------------------------------------------------------+
; Flow Non-Default Global Settings                                                                                       ;
+--------------------------------------+----------------------------------+---------------+-------------+----------------+
; Assignment Name                      ; Value                            ; Default Value ; Entity Name ; Section Id     ;
+--------------------------------------+----------------------------------+---------------+-------------+----------------+
; COMPILER_SIGNATURE_ID                ; 190090217740225.155706427456452  ; --            ; --          ; --             ;
; EDA_DESIGN_INSTANCE_NAME             ; FSM_frame_vlg_tst                ; --            ; --          ; testbensh      ;
; EDA_NATIVELINK_SIMULATION_TEST_BENCH ; testbensh                        ; --            ; --          ; eda_simulation ;
; EDA_OUTPUT_DATA_FORMAT               ; Verilog Hdl                      ; --            ; --          ; eda_simulation ;
; EDA_SIMULATION_TOOL                  ; ModelSim-Altera (Verilog)        ; <None>        ; --          ; --             ;
; EDA_TEST_BENCH_ENABLE_STATUS         ; TEST_BENCH_MODE                  ; --            ; --          ; eda_simulation ;
; EDA_TEST_BENCH_FILE                  ; simulation/modelsim/FSM_frame.vt ; --            ; --          ; testbensh      ;
; EDA_TEST_BENCH_MODULE_NAME           ; FSM_frame_vlg_tst                ; --            ; --          ; testbensh      ;
; EDA_TEST_BENCH_NAME                  ; testbensh                        ; --            ; --          ; eda_simulation ;
; EDA_TIME_SCALE                       ; 1 ps                             ; --            ; --          ; eda_simulation ;
; PARTITION_COLOR                      ; 16764057                         ; --            ; --          ; Top            ;
; PARTITION_NETLIST_TYPE               ; SOURCE                           ; --            ; --          ; Top            ;
; USE_GENERATED_PHYSICAL_CONSTRAINTS   ; Off                              ; --            ; --          ; eda_blast_fpga ;
+--------------------------------------+----------------------------------+---------------+-------------+----------------+


+-----------------------------------------------------------------------------------------------------------------------------+
; Flow Elapsed Time                                                                                                           ;
+-------------------------+--------------+-------------------------+---------------------+------------------------------------+
; Module Name             ; Elapsed Time ; Average Processors Used ; Peak Virtual Memory ; Total CPU Time (on all processors) ;
+-------------------------+--------------+-------------------------+---------------------+------------------------------------+
; Analysis & Synthesis    ; 00:00:01     ; 1.0                     ; 250 MB              ; 00:00:01                           ;
; Fitter                  ; 00:00:04     ; 1.0                     ; 313 MB              ; 00:00:05                           ;
; Assembler               ; 00:00:02     ; 1.0                     ; 268 MB              ; 00:00:02                           ;
; Classic Timing Analyzer ; 00:00:00     ; 1.0                     ; 198 MB              ; 00:00:01                           ;
; EDA Netlist Writer      ; 00:00:00     ; 1.0                     ; 211 MB              ; 00:00:01                           ;
; Total                   ; 00:00:07     ; --                      ; --                  ; 00:00:10                           ;
+-------------------------+--------------+-------------------------+---------------------+------------------------------------+


+------------------------------------------------------------------------------------------+
; Flow OS Summary                                                                          ;
+-------------------------+------------------+---------------+------------+----------------+
; Module Name             ; Machine Hostname ; OS Name       ; OS Version ; Processor type ;
+-------------------------+------------------+---------------+------------+----------------+
; Analysis & Synthesis    ; WIN-GRN8F3DQ8CQ  ; Windows Vista ; 6.2        ; x86_64         ;
; Fitter                  ; WIN-GRN8F3DQ8CQ  ; Windows Vista ; 6.2        ; x86_64         ;
; Assembler               ; WIN-GRN8F3DQ8CQ  ; Windows Vista ; 6.2        ; x86_64         ;
; Classic Timing Analyzer ; WIN-GRN8F3DQ8CQ  ; Windows Vista ; 6.2        ; x86_64         ;
; EDA Netlist Writer      ; WIN-GRN8F3DQ8CQ  ; Windows Vista ; 6.2        ; x86_64         ;
+-------------------------+------------------+---------------+------------+----------------+


------------
; Flow Log ;
------------
quartus_map --read_settings_files=on --write_settings_files=off FSM_frame -c FSM_frame
quartus_fit --read_settings_files=off --write_settings_files=off FSM_frame -c FSM_frame
quartus_asm --read_settings_files=off --write_settings_files=off FSM_frame -c FSM_frame
quartus_tan --read_settings_files=off --write_settings_files=off FSM_frame -c FSM_frame --timing_analysis_only
quartus_eda --read_settings_files=off --write_settings_files=off FSM_frame -c FSM_frame



