Flow report for MAC
Sun Apr 21 16:22:46 2019
Quartus II Version 9.1 Build 350 03/24/2010 Service Pack 2 SJ Web Edition


---------------------
; Table of Contents ;
---------------------
  1. Legal Notice
  2. Flow Summary
  3. Flow Settings
  4. Flow Non-Default Global Settings
  5. Flow Elapsed Time
  6. Flow OS Summary
  7. Flow Log



----------------
; Legal Notice ;
----------------
Copyright (C) 1991-2010 Altera Corporation
Your use of Altera Corporation's design tools, logic functions 
and other software and tools, and its AMPP partner logic 
functions, and any output files from any of the foregoing 
(including device programming or simulation files), and any 
associated documentation or information are expressly subject 
to the terms and conditions of the Altera Program License 
Subscription Agreement, Altera MegaCore Function License 
Agreement, or other applicable license agreement, including, 
without limitation, that your use is for the sole purpose of 
programming logic devices manufactured by Altera and sold by 
Altera or its authorized distributors.  Please refer to the 
applicable agreement for further details.



+-----------------------------------------------------------------------------------+
; Flow Summary                                                                      ;
+------------------------------------+----------------------------------------------+
; Flow Status                        ; Successful - Sun Apr 21 16:22:46 2019        ;
; Quartus II Version                 ; 9.1 Build 350 03/24/2010 SP 2 SJ Web Edition ;
; Revision Name                      ; MAC                                          ;
; Top-level Entity Name              ; ravil_memory                                 ;
; Family                             ; Cyclone III                                  ;
; Device                             ; EP3C5E144C7                                  ;
; Timing Models                      ; Final                                        ;
; Met timing requirements            ; Yes                                          ;
; Total logic elements               ; 199 / 5,136 ( 4 % )                          ;
;     Total combinational functions  ; 168 / 5,136 ( 3 % )                          ;
;     Dedicated logic registers      ; 149 / 5,136 ( 3 % )                          ;
; Total registers                    ; 149                                          ;
; Total pins                         ; 49 / 95 ( 52 % )                             ;
; Total virtual pins                 ; 0                                            ;
; Total memory bits                  ; 41,484 / 423,936 ( 10 % )                    ;
; Embedded Multiplier 9-bit elements ; 0 / 46 ( 0 % )                               ;
; Total PLLs                         ; 0 / 2 ( 0 % )                                ;
+------------------------------------+----------------------------------------------+


+-----------------------------------------+
; Flow Settings                           ;
+-------------------+---------------------+
; Option            ; Setting             ;
+-------------------+---------------------+
; Start date & time ; 04/21/2019 16:22:01 ;
; Main task         ; Compilation         ;
; Revision Name     ; MAC                 ;
+-------------------+---------------------+


+---------------------------------------------------------------------------------------------------------------------+
; Flow Non-Default Global Settings                                                                                    ;
+------------------------------------+--------------------------------+---------------+--------------+----------------+
; Assignment Name                    ; Value                          ; Default Value ; Entity Name  ; Section Id     ;
+------------------------------------+--------------------------------+---------------+--------------+----------------+
; COMPILER_SIGNATURE_ID              ; 31032332727936.155583852109884 ; --            ; --           ; --             ;
; MAX_CORE_JUNCTION_TEMP             ; 85                             ; --            ; --           ; --             ;
; MIN_CORE_JUNCTION_TEMP             ; 0                              ; --            ; --           ; --             ;
; NOMINAL_CORE_SUPPLY_VOLTAGE        ; 1.2V                           ; --            ; --           ; --             ;
; PARTITION_COLOR                    ; 16764057                       ; --            ; ravil_memory ; Top            ;
; PARTITION_NETLIST_TYPE             ; SOURCE                         ; --            ; ravil_memory ; Top            ;
; TOP_LEVEL_ENTITY                   ; ravil_memory                   ; MAC           ; --           ; --             ;
; USE_GENERATED_PHYSICAL_CONSTRAINTS ; Off                            ; --            ; --           ; eda_blast_fpga ;
; USE_TIMEQUEST_TIMING_ANALYZER      ; Off                            ; On            ; --           ; --             ;
+------------------------------------+--------------------------------+---------------+--------------+----------------+


+-----------------------------------------------------------------------------------------------------------------------------+
; Flow Elapsed Time                                                                                                           ;
+-------------------------+--------------+-------------------------+---------------------+------------------------------------+
; Module Name             ; Elapsed Time ; Average Processors Used ; Peak Virtual Memory ; Total CPU Time (on all processors) ;
+-------------------------+--------------+-------------------------+---------------------+------------------------------------+
; Analysis & Synthesis    ; 00:00:15     ; 1.0                     ; 262 MB              ; 00:00:14                           ;
; Fitter                  ; 00:00:18     ; 1.0                     ; 295 MB              ; 00:00:17                           ;
; Assembler               ; 00:00:03     ; 1.0                     ; 247 MB              ; 00:00:02                           ;
; Classic Timing Analyzer ; 00:00:02     ; 1.0                     ; 207 MB              ; 00:00:03                           ;
; Total                   ; 00:00:38     ; --                      ; --                  ; 00:00:36                           ;
+-------------------------+--------------+-------------------------+---------------------+------------------------------------+


+------------------------------------------------------------------------------------------+
; Flow OS Summary                                                                          ;
+-------------------------+------------------+---------------+------------+----------------+
; Module Name             ; Machine Hostname ; OS Name       ; OS Version ; Processor type ;
+-------------------------+------------------+---------------+------------+----------------+
; Analysis & Synthesis    ; LAPTOP-0PVT9629  ; Windows Vista ; 6.2        ; x86_64         ;
; Fitter                  ; LAPTOP-0PVT9629  ; Windows Vista ; 6.2        ; x86_64         ;
; Assembler               ; LAPTOP-0PVT9629  ; Windows Vista ; 6.2        ; x86_64         ;
; Classic Timing Analyzer ; LAPTOP-0PVT9629  ; Windows Vista ; 6.2        ; x86_64         ;
+-------------------------+------------------+---------------+------------+----------------+


------------
; Flow Log ;
------------
quartus_map --read_settings_files=on --write_settings_files=off MAC -c MAC
quartus_fit --read_settings_files=off --write_settings_files=off MAC -c MAC
quartus_asm --read_settings_files=off --write_settings_files=off MAC -c MAC
quartus_tan --read_settings_files=off --write_settings_files=off MAC -c MAC --timing_analysis_only



